Thu Oct 06 21:36:07 CEST 2016 : Apache Derby Network Server - 10.11.1.2 - (1629631) started and ready to accept connections on port 1527
----------------------------------------------------------------
Thu Oct 06 21:36:07 CEST 2016:
Booting Derby version The Apache Software Foundation - Apache Derby - 10.11.1.2 - (1629631): instance a816c00e-0157-9b7e-e48f-000003a66881 
on database directory /home/tesunami/Git projects/testproject/ServerV1/GameDB with class loader sun.misc.Launcher$AppClassLoader@1d44bcfa 
Loaded from file:/usr/lib/jvm/oracle_jdk8/db/lib/derby.jar
java.vendor=Oracle Corporation
java.runtime.version=1.8.0_102-b14
user.dir=/usr/lib/jvm/oracle_jdk8/db
os.name=Linux
os.arch=amd64
os.version=4.4.0-38-generic
derby.system.home=/home/tesunami/Git projects/testproject/ServerV1
Database Class Loader started - derby.database.classpath=''
----------------------------------------------------------------
Thu Oct 06 21:55:18 CEST 2016: Shutting down Derby engine
----------------------------------------------------------------
Thu Oct 06 21:55:18 CEST 2016:
Shutting down instance a816c00e-0157-9b7e-e48f-000003a66881 on database directory /home/tesunami/Git projects/testproject/ServerV1/GameDB with class loader sun.misc.Launcher$AppClassLoader@1d44bcfa 
----------------------------------------------------------------
